2021/09/16 22:00:36   
2021/09/16 22:00:36 #####*** SETTINGS APP ***#####
2021/09/16 22:00:36 APP_PORT:1111
2021/09/16 22:00:36 TOKEN_HASH:PassworsStrongTo254444Token
2021/09/16 22:00:36 DB_NAME:dbdemo
2021/09/16 22:00:36 URL_MONGODB:mongodb://mongodatabase:{=7rEB^s<;'<G?UB@64.227.101.75:30001
2021/09/16 22:02:44   
2021/09/16 22:02:44 #####*** SETTINGS APP ***#####
2021/09/16 22:02:44 APP_PORT:1111
2021/09/16 22:02:44 TOKEN_HASH:PassworsStrongTo254444Token
2021/09/16 22:02:44 DB_NAME:dbdemo
2021/09/16 22:02:44 URL_MONGODB:mongodb://mongodatabase:{=7rEB^s<;'<G?UB@64.227.101.75:30001
2021/09/16 22:03:55   
2021/09/16 22:03:55 #####*** SETTINGS APP ***#####
2021/09/16 22:03:55 APP_PORT:1111
2021/09/16 22:03:55 TOKEN_HASH:PassworsStrongTo254444Token
2021/09/16 22:03:55 DB_NAME:dbdemo
2021/09/16 22:03:55 URL_MONGODB:mongodb://mongodatabase:{=7rEB^s<;'<G?UB@64.227.101.75:30001
2021/09/16 22:04:25   
2021/09/16 22:04:25 #####*** SETTINGS APP ***#####
2021/09/16 22:04:25 APP_PORT:1111
2021/09/16 22:04:25 TOKEN_HASH:PassworsStrongTo254444Token
2021/09/16 22:04:25 DB_NAME:dbdemo
2021/09/16 22:04:25 URL_MONGODB:mongodb://mongodatabase:{=7rEB^s<;'<G?UB@64.227.101.75:30001
2021/09/16 22:06:42   
2021/09/16 22:06:42 #####*** SETTINGS APP ***#####
2021/09/16 22:06:42 APP_PORT:1111
2021/09/16 22:06:42 TOKEN_HASH:PassworsStrongTo254444Token
2021/09/16 22:06:42 DB_NAME:dbdemo
2021/09/16 22:06:42 URL_MONGODB:mongodb://mongodatabase:{=7rEB^s<;'<G?UB@64.227.101.75:30001
2021/09/16 22:07:34   
2021/09/16 22:07:34 #####*** SETTINGS APP ***#####
2021/09/16 22:07:34 APP_PORT:1111
2021/09/16 22:07:34 TOKEN_HASH:PassworsStrongTo254444Token
2021/09/16 22:07:34 DB_NAME:dbdemo
2021/09/16 22:07:34 URL_MONGODB:mongodb://mongodatabase:{=7rEB^s<;'<G?UB@64.227.101.75:30001
2021/09/16 22:07:45   
2021/09/16 22:07:45 #####*** SETTINGS APP ***#####
2021/09/16 22:07:45 APP_PORT:1111
2021/09/16 22:07:45 TOKEN_HASH:PassworsStrongTo254444Token
2021/09/16 22:07:45 DB_NAME:dbdemo
2021/09/16 22:07:45 URL_MONGODB:mongodb://mongodatabase:{=7rEB^s<;'<G?UB@64.227.101.75:30001
2021/09/16 22:08:26   
2021/09/16 22:08:26 #####*** SETTINGS APP ***#####
2021/09/16 22:08:26 APP_PORT:1111
2021/09/16 22:08:26 TOKEN_HASH:PassworsStrongTo254444Token
2021/09/16 22:08:26 DB_NAME:dbdemo
2021/09/16 22:08:26 URL_MONGODB:mongodb://mongodatabase:{=7rEB^s<;'<G?UB@64.227.101.75:30001
2021/09/16 22:09:46   
2021/09/16 22:09:46 #####*** SETTINGS APP ***#####
2021/09/16 22:09:46 APP_PORT:1111
2021/09/16 22:09:46 TOKEN_HASH:PassworsStrongTo254444Token
2021/09/16 22:09:46 DB_NAME:dbdemo
2021/09/16 22:09:46 URL_MONGODB:mongodb://mongodatabase:{=7rEB^s<;'<G?UB@64.227.101.75:30001
2021/09/16 22:10:30   
2021/09/16 22:10:30 #####*** SETTINGS APP ***#####
2021/09/16 22:10:30 APP_PORT:1111
2021/09/16 22:10:30 TOKEN_HASH:PassworsStrongTo254444Token
2021/09/16 22:10:30 DB_NAME:dbdemo
2021/09/16 22:10:30 URL_MONGODB:mongodb://mongodatabase:{=7rEB^s<;'<G?UB@64.227.101.75:30001
2021/09/16 22:10:44   
2021/09/16 22:10:44 #####*** SETTINGS APP ***#####
2021/09/16 22:10:44 APP_PORT:1111
2021/09/16 22:10:44 TOKEN_HASH:PassworsStrongTo254444Token
2021/09/16 22:10:44 DB_NAME:dbdemo
2021/09/16 22:10:44 URL_MONGODB:mongodb://mongodatabase:{=7rEB^s<;'<G?UB@64.227.101.75:30001
2021/09/16 22:15:14   
2021/09/16 22:15:14 #####*** SETTINGS APP ***#####
2021/09/16 22:15:14 APP_PORT:1111
2021/09/16 22:15:14 TOKEN_HASH:PassworsStrongTo254444Token
2021/09/16 22:15:14 DB_NAME:dbdemo
2021/09/16 22:15:14 URL_MONGODB:mongodb://mongodatabase:{=7rEB^s<;'<G?UB@64.227.101.75:30001
2021/09/16 22:15:41   
2021/09/16 22:15:41 #####*** SETTINGS APP ***#####
2021/09/16 22:15:41 APP_PORT:1111
2021/09/16 22:15:41 TOKEN_HASH:PassworsStrongTo254444Token
2021/09/16 22:15:41 DB_NAME:dbdemo
2021/09/16 22:15:41 URL_MONGODB:mongodb://mongodatabase:{=7rEB^s<;'<G?UB@64.227.101.75:30001
2021/09/16 22:18:05   
2021/09/16 22:18:05 #####*** SETTINGS APP ***#####
2021/09/16 22:18:05 APP_PORT:1111
2021/09/16 22:18:05 TOKEN_HASH:PassworsStrongTo254444Token
2021/09/16 22:18:05 DB_NAME:dbdemo
2021/09/16 22:18:05 URL_MONGODB:mongodb://mongodatabase:{=7rEB^s<;'<G?UB@64.227.101.75:30001
2021/09/16 22:20:50   
2021/09/16 22:20:50 #####*** SETTINGS APP ***#####
2021/09/16 22:20:50 APP_PORT:1111
2021/09/16 22:20:50 TOKEN_HASH:PassworsStrongTo254444Token
2021/09/16 22:20:50 DB_NAME:dbdemo
2021/09/16 22:20:50 URL_MONGODB:mongodb://mongodatabase:{=7rEB^s<;'<G?UB@64.227.101.75:30001
2021/09/16 22:21:21   
2021/09/16 22:21:21 #####*** SETTINGS APP ***#####
2021/09/16 22:21:21 APP_PORT:1111
2021/09/16 22:21:21 TOKEN_HASH:PassworsStrongTo254444Token
2021/09/16 22:21:21 DB_NAME:dbdemo
2021/09/16 22:21:21 URL_MONGODB:mongodb://mongodatabase:{=7rEB^s<;'<G?UB@64.227.101.75:30001
2021/09/16 22:21:34   
2021/09/16 22:21:34 #####*** SETTINGS APP ***#####
2021/09/16 22:21:34 APP_PORT:1111
2021/09/16 22:21:34 TOKEN_HASH:PassworsStrongTo254444Token
2021/09/16 22:21:34 DB_NAME:dbdemo
2021/09/16 22:21:34 URL_MONGODB:mongodb://mongodatabase:{=7rEB^s<;'<G?UB@64.227.101.75:30001
2021/09/16 22:24:00   
2021/09/16 22:24:00 #####*** SETTINGS APP ***#####
2021/09/16 22:24:00 APP_PORT:1111
2021/09/16 22:24:00 TOKEN_HASH:PassworsStrongTo254444Token
2021/09/16 22:24:00 DB_NAME:dbdemo
2021/09/16 22:24:00 URL_MONGODB:mongodb://mongodatabase:{=7rEB^s<;'<G?UB@64.227.101.75:30001
2021/09/16 22:24:22   
2021/09/16 22:24:22 #####*** SETTINGS APP ***#####
2021/09/16 22:24:22 APP_PORT:1111
2021/09/16 22:24:22 TOKEN_HASH:PassworsStrongTo254444Token
2021/09/16 22:24:22 DB_NAME:dbdemo
2021/09/16 22:24:22 URL_MONGODB:mongodb://mongodatabase:{=7rEB^s<;'<G?UB@64.227.101.75:30001
2021/09/16 22:50:25   
2021/09/16 22:50:25 #####*** SETTINGS APP ***#####
2021/09/16 22:50:25 APP_PORT:1111
2021/09/16 22:50:25 TOKEN_HASH:PassworsStrongTo254444Token
2021/09/16 22:50:25 DB_NAME:dbdemo
2021/09/16 22:50:25 URL_MONGODB:mongodb://mongodatabase:{=7rEB^s<;'<G?UB@64.227.101.75:30001
2021/09/16 22:54:47   
2021/09/16 22:54:47 #####*** SETTINGS APP ***#####
2021/09/16 22:54:47 APP_PORT:1111
2021/09/16 22:54:47 TOKEN_HASH:PassworsStrongTo254444Token
2021/09/16 22:54:47 DB_NAME:dbdemo
2021/09/16 22:54:47 URL_MONGODB:mongodb://mongodatabase:{=7rEB^s<;'<G?UB@64.227.101.75:30001
2021/09/16 22:54:47 dbConnect:True
2021/09/16 22:54:47 #####*** END SETTINGS APP ***###
2021/09/16 22:54:47   
2021/09/16 22:56:15   
2021/09/16 22:56:15 #####*** SETTINGS APP ***#####
2021/09/16 22:56:15 APP_PORT:1111
2021/09/16 22:56:15 TOKEN_HASH:PassworsStrongTo254444Token
2021/09/16 22:56:15 DB_NAME:dbdemo
2021/09/16 22:56:15 URL_MONGODB:mongodb://mongodatabase:{=7rEB^s<;'<G?UB@64.227.101.75:30001
2021/09/16 22:56:15 dbConnect:True
2021/09/16 22:56:15 #####*** END SETTINGS APP ***###
2021/09/16 22:56:15   
2021/09/16 22:56:25   
2021/09/16 22:56:25 #####*** SETTINGS APP ***#####
2021/09/16 22:56:25 APP_PORT:1111
2021/09/16 22:56:25 TOKEN_HASH:PassworsStrongTo254444Token
2021/09/16 22:56:25 DB_NAME:dbdemo
2021/09/16 22:56:25 URL_MONGODB:mongodb://mongodatabase:{=7rEB^s<;'<G?UB@64.227.101.75:30001
2021/09/16 22:56:25 dbConnect:True
2021/09/16 22:56:25 #####*** END SETTINGS APP ***###
2021/09/16 22:56:25   
2021/09/17 18:07:47   
2021/09/17 18:07:47 #####*** SETTINGS APP ***#####
2021/09/17 18:07:47 APP_PORT:1111
2021/09/17 18:07:47 TOKEN_HASH:PassworsStrongTo254444Token
2021/09/17 18:07:47 DB_NAME:dbdemo
2021/09/17 18:07:47 URL_MONGODB:mongodb://mongodatabase:{=7rEB^s<;'<G?UB@64.227.101.75:30001
2021/09/17 18:07:47 dbConnect:True
2021/09/17 18:07:47 #####*** END SETTINGS APP ***###
2021/09/17 18:07:47   
2021/09/17 18:22:45   
2021/09/17 18:22:45 #####*** SETTINGS APP ***#####
2021/09/17 18:22:45 APP_PORT:1111
2021/09/17 18:22:45 TOKEN_HASH:PassworsStrongTo254444Token
2021/09/17 18:22:45 DB_NAME:dbdemo
2021/09/17 18:22:45 URL_MONGODB:mongodb://mongodatabase:{=7rEB^s<;'<G?UB@64.227.101.75:30001
2021/09/17 18:22:45 dbConnect:True
2021/09/17 18:22:45 #####*** END SETTINGS APP ***###
2021/09/17 18:22:45   
2021/09/17 18:24:58   
2021/09/17 18:24:58 #####*** SETTINGS APP ***#####
2021/09/17 18:24:58 APP_PORT:1111
2021/09/17 18:24:58 TOKEN_HASH:PassworsStrongTo254444Token
2021/09/17 18:24:58 DB_NAME:dbdemo
2021/09/17 18:24:58 URL_MONGODB:mongodb://mongodatabase:{=7rEB^s<;'<G?UB@64.227.101.75:30001
2021/09/17 18:24:58 dbConnect:True
2021/09/17 18:24:58 #####*** END SETTINGS APP ***###
2021/09/17 18:24:58   
